<?xml version="1.0" encoding="UTF-8"?><testsuite errors="0" failures="0" name="handlingWebELements.MouseMovements.HandlingSliders" skipped="0" tests="2" time="36.78" timestamp="2021-01-21 04:17:22"><testcase classname="handlingWebELements.MouseMovements.HandlingSliders" name="To illustrate how to handle the sliders using the withActions API method called dragAndDropBy(WebElement,x-axis,y-axis)"/><testcase classname="handlingWebELements.MouseMovements.HandlingSliders" name="Move the slider to the max"/></testsuite>